

*******************************************************************************
Tue Apr  7 13:33:36 2020


FIT:    data read from 'tiempos_optimizado.dat'
        format = z
        #datapoints = 15
        residuals are weighted equally (unit weight)

function used for fitting: f(x)
	f(x)=a*x*x*log(x)+b
fitted parameters initialized with current variable values

iter      chisq       delta/lim  lambda   a             b            
   0 7.1359837392e+18   0.00e+00  4.89e+08    1.000000e+00   1.000000e+00
   4 2.7710420971e+09  -1.71e-06  4.89e+04    2.500532e-03   1.000000e+00

After 4 iterations the fit converged.
final sum of squares of residuals : 2.77104e+09
rel. change during last iteration : -1.7081e-11

degrees of freedom    (FIT_NDF)                        : 13
rms of residuals      (FIT_STDFIT) = sqrt(WSSR/ndf)    : 14599.9
variance of residuals (reduced chisquare) = WSSR/ndf   : 2.13157e+08

Final set of parameters            Asymptotic Standard Error
=======================            ==========================
a               = 0.00250053       +/- 5.769e-06    (0.2307%)
b               = 1                +/- 3989         (3.989e+05%)

correlation matrix of the fit parameters:
                a      b      
a               1.000 
b              -0.327  1.000 
